<?xml version="1.0" encoding="UTF-8"?>
<testng-results skipped="0" failed="0" total="1" passed="1">
  <reporter-output>
  </reporter-output>
  <suite name="Default suite" duration-ms="1246" started-at="2020-12-31T14:54:24Z" finished-at="2020-12-31T14:54:25Z">
    <groups>
    </groups>
    <test name="Default test" duration-ms="1246" started-at="2020-12-31T14:54:24Z" finished-at="2020-12-31T14:54:25Z">
      <class name="RequestResponseTest.GetProject">
        <test-method status="PASS" signature="getProjectList()[pri:0, instance:RequestResponseTest.GetProject@564718df]" name="getProjectList" duration-ms="1222" started-at="2020-12-31T20:24:24Z" finished-at="2020-12-31T20:24:25Z">
          <reporter-output>
          </reporter-output>
        </test-method> <!-- getProjectList -->
      </class> <!-- RequestResponseTest.GetProject -->
    </test> <!-- Default test -->
  </suite> <!-- Default suite -->
</testng-results>
